<?xml version="1.0" encoding="UTF-8"?>
<!-- Generated by org.testng.reporters.JUnitReportReporter -->
<testsuite hostname="EPUALVIW0045" name="com.github.automation.SiteExploring" tests="1" failures="0" timestamp="14 Jun 2013 14:06:22 GMT" time="17.603" errors="0">
  <testcase name="validationTest" time="17.603" classname="com.github.automation.SiteExploring"/>
</testsuite> <!-- com.github.automation.SiteExploring -->
