<?xml version="1.0" encoding="UTF-8"?>
<!-- Generated by org.testng.reporters.JUnitReportReporter -->
<testsuite hostname="EPUALVIW0045" name="org.apache.automation.SiteExploring" tests="1" failures="0" timestamp="26 Jun 2013 11:49:44 GMT" time="15.575" errors="0">
  <testcase name="navigateToTomcatProject" time="15.575" classname="org.apache.automation.SiteExploring"/>
</testsuite> <!-- org.apache.automation.SiteExploring -->
